<?xml version='1.0' encoding='UTF-8'?>
<testsuite hostname="note" name="recfun.RecFunSuite" tests="11" errors="0" failures="7" skipped="0" time="30.287" timestamp="2019-12-15T03:20:33">
                     <properties>
[...]
</properties>
                     <testcase classname="recfun.RecFunSuite" name="countChange: sorted CHF" time="10.007">
                                                 <failure message="java.lang.Exception: test timed out after 10000 milliseconds" type="sbt.ForkMain$ForkError">sbt.ForkMain$ForkError: java.lang.Exception: test timed out after 10000 milliseconds
	at scala.math.Ordering$Int$.compare(Ordering.scala:364)
	at scala.math.Ordering$Int$.compare(Ordering.scala:364)
	at scala.math.Ordering.lteq(Ordering.scala:91)
	at scala.math.Ordering.lteq$(Ordering.scala:91)
	at scala.math.Ordering$Int$.lteq(Ordering.scala:364)
	at scala.math.Ordering.min(Ordering.scala:109)
	at scala.math.Ordering.min$(Ordering.scala:109)
	at scala.math.Ordering$Int$.min(Ordering.scala:364)
	at scala.collection.IterableOnceOps.$anonfun$min$1(IterableOnce.scala:937)
	at scala.collection.IterableOnceOps$$Lambda$6/27381291.apply(Unknown Source)
	at scala.collection.IterableOnceOps.reduceLeft(IterableOnce.scala:755)
	at scala.collection.IterableOnceOps.reduceLeft$(IterableOnce.scala:741)
	at scala.collection.AbstractIterable.reduceLeft(Iterable.scala:904)
	at scala.collection.IterableOnceOps.min(IterableOnce.scala:937)
	at scala.collection.IterableOnceOps.min$(IterableOnce.scala:934)
	at scala.collection.AbstractIterable.min(Iterable.scala:904)
	at recfun.RecFun$.countChange(RecFun.scala:60)
	at recfun.RecFun$.$anonfun$countChange$1(RecFun.scala:59)
	at recfun.RecFun$$$Lambda$5/1108832950.apply$mcII$sp(Unknown Source)
	at scala.runtime.java8.JFunction1$mcII$sp.apply(JFunction1$mcII$sp.scala:17)
	at scala.collection.immutable.List.map(List.scala:222)
	at recfun.RecFun$.countChange(RecFun.scala:59)
	at recfun.RecFun$.$anonfun$countChange$1(RecFun.scala:59)
	at recfun.RecFun$$$Lambda$5/1108832950.apply$mcII$sp(Unknown Source)
	at scala.runtime.java8.JFunction1$mcII$sp.apply(JFunction1$mcII$sp.scala:17)
	at scala.collection.immutable.List.map(List.scala:222)
	at recfun.RecFun$.countChange(RecFun.scala:59)
	at recfun.RecFun$.$anonfun$countChange$1(RecFun.scala:59)
	at recfun.RecFun$$$Lambda$5/1108832950.apply$mcII$sp(Unknown Source)
	at scala.runtime.java8.JFunction1$mcII$sp.apply(JFunction1$mcII$sp.scala:17)
	at scala.collection.immutable.List.map(List.scala:226)
	at recfun.RecFun$.countChange(RecFun.scala:59)
	at recfun.RecFun$.$anonfun$countChange$1(RecFun.scala:59)
	at recfun.RecFun$$$Lambda$5/1108832950.apply$mcII$sp(Unknown Source)
	at scala.runtime.java8.JFunction1$mcII$sp.apply(JFunction1$mcII$sp.scala:17)
	at scala.collection.immutable.List.map(List.scala:222)
	at recfun.RecFun$.countChange(RecFun.scala:59)
	at recfun.RecFun$.$anonfun$countChange$1(RecFun.scala:59)
	at recfun.RecFun$$$Lambda$5/1108832950.apply$mcII$sp(Unknown Source)
	at scala.runtime.java8.JFunction1$mcII$sp.apply(JFunction1$mcII$sp.scala:17)
	at scala.collection.immutable.List.map(List.scala:222)
	at recfun.RecFun$.countChange(RecFun.scala:59)
	at recfun.RecFun$.$anonfun$countChange$1(RecFun.scala:59)
	at recfun.RecFun$$$Lambda$5/1108832950.apply$mcII$sp(Unknown Source)
	at scala.runtime.java8.JFunction1$mcII$sp.apply(JFunction1$mcII$sp.scala:17)
	at scala.collection.immutable.List.map(List.scala:226)
	at recfun.RecFun$.countChange(RecFun.scala:59)
	at recfun.RecFun$.$anonfun$countChange$1(RecFun.scala:59)
	at recfun.RecFun$$$Lambda$5/1108832950.apply$mcII$sp(Unknown Source)
	at scala.runtime.java8.JFunction1$mcII$sp.apply(JFunction1$mcII$sp.scala:17)
	at scala.collection.immutable.List.map(List.scala:226)
	at recfun.RecFun$.countChange(RecFun.scala:59)
	at recfun.RecFun$.$anonfun$countChange$1(RecFun.scala:59)
	at recfun.RecFun$$$Lambda$5/1108832950.apply$mcII$sp(Unknown Source)
	at scala.runtime.java8.JFunction1$mcII$sp.apply(JFunction1$mcII$sp.scala:17)
	at scala.collection.immutable.List.map(List.scala:226)
	at recfun.RecFun$.countChange(RecFun.scala:59)
	at recfun.RecFun$.$anonfun$countChange$1(RecFun.scala:59)
	at recfun.RecFun$$$Lambda$5/1108832950.apply$mcII$sp(Unknown Source)
	at scala.runtime.java8.JFunction1$mcII$sp.apply(JFunction1$mcII$sp.scala:17)
	at scala.collection.immutable.List.map(List.scala:222)
	at recfun.RecFun$.countChange(RecFun.scala:59)
	at recfun.RecFun$.$anonfun$countChange$1(RecFun.scala:59)
	at recfun.RecFun$$$Lambda$5/1108832950.apply$mcII$sp(Unknown Source)
	at scala.runtime.java8.JFunction1$mcII$sp.apply(JFunction1$mcII$sp.scala:17)
	at scala.collection.immutable.List.map(List.scala:222)
	at recfun.RecFun$.countChange(RecFun.scala:59)
	at recfun.RecFun$.$anonfun$countChange$1(RecFun.scala:59)
	at recfun.RecFun$$$Lambda$5/1108832950.apply$mcII$sp(Unknown Source)
	at scala.runtime.java8.JFunction1$mcII$sp.apply(JFunction1$mcII$sp.scala:17)
	at scala.collection.immutable.List.map(List.scala:222)
	at recfun.RecFun$.countChange(RecFun.scala:59)
	at recfun.RecFun$.$anonfun$countChange$1(RecFun.scala:59)
	at recfun.RecFun$$$Lambda$5/1108832950.apply$mcII$sp(Unknown Source)
	at scala.runtime.java8.JFunction1$mcII$sp.apply(JFunction1$mcII$sp.scala:17)
	at scala.collection.immutable.List.map(List.scala:226)
	at recfun.RecFun$.countChange(RecFun.scala:59)
	at recfun.RecFun$.$anonfun$countChange$1(RecFun.scala:59)
	at recfun.RecFun$$$Lambda$5/1108832950.apply$mcII$sp(Unknown Source)
	at scala.runtime.java8.JFunction1$mcII$sp.apply(JFunction1$mcII$sp.scala:17)
	at scala.collection.immutable.List.map(List.scala:222)
	at recfun.RecFun$.countChange(RecFun.scala:59)
	at recfun.RecFun$.$anonfun$countChange$1(RecFun.scala:59)
	at recfun.RecFun$$$Lambda$5/1108832950.apply$mcII$sp(Unknown Source)
	at scala.runtime.java8.JFunction1$mcII$sp.apply(JFunction1$mcII$sp.scala:17)
	at scala.collection.immutable.List.map(List.scala:222)
	at recfun.RecFun$.countChange(RecFun.scala:59)
	at recfun.RecFun$.$anonfun$countChange$1(RecFun.scala:59)
	at recfun.RecFun$$$Lambda$5/1108832950.apply$mcII$sp(Unknown Source)
	at scala.runtime.java8.JFunction1$mcII$sp.apply(JFunction1$mcII$sp.scala:17)
	at scala.collection.immutable.List.map(List.scala:226)
	at recfun.RecFun$.countChange(RecFun.scala:59)
	at recfun.RecFun$.$anonfun$countChange$1(RecFun.scala:59)
	at recfun.RecFun$$$Lambda$5/1108832950.apply$mcII$sp(Unknown Source)
	at scala.runtime.java8.JFunction1$mcII$sp.apply(JFunction1$mcII$sp.scala:17)
	at scala.collection.immutable.List.map(List.scala:226)
	at recfun.RecFun$.countChange(RecFun.scala:59)
	at recfun.RecFun$.$anonfun$countChange$1(RecFun.scala:59)
	at recfun.RecFun$$$Lambda$5/1108832950.apply$mcII$sp(Unknown Source)
	at scala.runtime.java8.JFunction1$mcII$sp.apply(JFunction1$mcII$sp.scala:17)
	at scala.collection.immutable.List.map(List.scala:222)
	at recfun.RecFun$.countChange(RecFun.scala:59)
	at recfun.RecFun$.$anonfun$countChange$1(RecFun.scala:59)
	at recfun.RecFun$$$Lambda$5/1108832950.apply$mcII$sp(Unknown Source)
	at scala.runtime.java8.JFunction1$mcII$sp.apply(JFunction1$mcII$sp.scala:17)
	at scala.collection.immutable.List.map(List.scala:222)
	at recfun.RecFun$.countChange(RecFun.scala:59)
	at recfun.RecFun$.$anonfun$countChange$1(RecFun.scala:59)
	at recfun.RecFun$$$Lambda$5/1108832950.apply$mcII$sp(Unknown Source)
	at scala.runtime.java8.JFunction1$mcII$sp.apply(JFunction1$mcII$sp.scala:17)
	at scala.collection.immutable.List.map(List.scala:222)
	at recfun.RecFun$.countChange(RecFun.scala:59)
	at recfun.RecFun$.$anonfun$countChange$1(RecFun.scala:59)
	at recfun.RecFun$$$Lambda$5/1108832950.apply$mcII$sp(Unknown Source)
	at scala.runtime.java8.JFunction1$mcII$sp.apply(JFunction1$mcII$sp.scala:17)
	at scala.collection.immutable.List.map(List.scala:226)
	at recfun.RecFun$.countChange(RecFun.scala:59)
	at recfun.RecFun$.$anonfun$countChange$1(RecFun.scala:59)
	at recfun.RecFun$$$Lambda$5/1108832950.apply$mcII$sp(Unknown Source)
	at scala.runtime.java8.JFunction1$mcII$sp.apply(JFunction1$mcII$sp.scala:17)
	at scala.collection.immutable.List.map(List.scala:222)
	at recfun.RecFun$.countChange(RecFun.scala:59)
	at recfun.RecFun$.$anonfun$countChange$1(RecFun.scala:59)
	at recfun.RecFun$$$Lambda$5/1108832950.apply$mcII$sp(Unknown Source)
	at scala.runtime.java8.JFunction1$mcII$sp.apply(JFunction1$mcII$sp.scala:17)
	at scala.collection.immutable.List.map(List.scala:222)
	at recfun.RecFun$.countChange(RecFun.scala:59)
	at recfun.RecFun$.$anonfun$countChange$1(RecFun.scala:59)
	at recfun.RecFun$$$Lambda$5/1108832950.apply$mcII$sp(Unknown Source)
	at scala.runtime.java8.JFunction1$mcII$sp.apply(JFunction1$mcII$sp.scala:17)
	at scala.collection.immutable.List.map(List.scala:222)
	at recfun.RecFun$.countChange(RecFun.scala:59)
	at recfun.RecFun$.$anonfun$countChange$1(RecFun.scala:59)
	at recfun.RecFun$$$Lambda$5/1108832950.apply$mcII$sp(Unknown Source)
	at scala.runtime.java8.JFunction1$mcII$sp.apply(JFunction1$mcII$sp.scala:17)
	at scala.collection.immutable.List.map(List.scala:222)
	at recfun.RecFun$.countChange(RecFun.scala:59)
	at recfun.RecFun$.$anonfun$countChange$1(RecFun.scala:59)
	at recfun.RecFun$$$Lambda$5/1108832950.apply$mcII$sp(Unknown Source)
	at scala.runtime.java8.JFunction1$mcII$sp.apply(JFunction1$mcII$sp.scala:17)
	at scala.collection.immutable.List.map(List.scala:222)
	at recfun.RecFun$.countChange(RecFun.scala:59)
	at recfun.RecFun$.$anonfun$countChange$1(RecFun.scala:59)
	at recfun.RecFun$$$Lambda$5/1108832950.apply$mcII$sp(Unknown Source)
	at scala.runtime.java8.JFunction1$mcII$sp.apply(JFunction1$mcII$sp.scala:17)
	at scala.collection.immutable.List.map(List.scala:222)
	at recfun.RecFun$.countChange(RecFun.scala:59)
	at recfun.RecFun$.$anonfun$countChange$1(RecFun.scala:59)
	at recfun.RecFun$$$Lambda$5/1108832950.apply$mcII$sp(Unknown Source)
	at scala.runtime.java8.JFunction1$mcII$sp.apply(JFunction1$mcII$sp.scala:17)
	at scala.collection.immutable.List.map(List.scala:222)
	at recfun.RecFun$.countChange(RecFun.scala:59)
	at recfun.RecFun$.$anonfun$countChange$1(RecFun.scala:59)
	at recfun.RecFun$$$Lambda$5/1108832950.apply$mcII$sp(Unknown Source)
	at scala.runtime.java8.JFunction1$mcII$sp.apply(JFunction1$mcII$sp.scala:17)
	at scala.collection.immutable.List.map(List.scala:222)
	at recfun.RecFun$.countChange(RecFun.scala:59)
	at recfun.RecFun$.$anonfun$countChange$1(RecFun.scala:59)
	at recfun.RecFun$$$Lambda$5/1108832950.apply$mcII$sp(Unknown Source)
	at scala.runtime.java8.JFunction1$mcII$sp.apply(JFunction1$mcII$sp.scala:17)
	at scala.collection.immutable.List.map(List.scala:222)
	at recfun.RecFun$.countChange(RecFun.scala:59)
	at recfun.RecFun$.$anonfun$countChange$1(RecFun.scala:59)
	at recfun.RecFun$$$Lambda$5/1108832950.apply$mcII$sp(Unknown Source)
	at scala.runtime.java8.JFunction1$mcII$sp.apply(JFunction1$mcII$sp.scala:17)
	at scala.collection.immutable.List.map(List.scala:222)
	at recfun.RecFun$.countChange(RecFun.scala:59)
	at recfun.RecFun$.$anonfun$countChange$1(RecFun.scala:59)
	at recfun.RecFun$$$Lambda$5/1108832950.apply$mcII$sp(Unknown Source)
	at scala.runtime.java8.JFunction1$mcII$sp.apply(JFunction1$mcII$sp.scala:17)
	at scala.collection.immutable.List.map(List.scala:222)
	at recfun.RecFun$.countChange(RecFun.scala:59)
	at recfun.RecFun$.$anonfun$countChange$1(RecFun.scala:59)
	at recfun.RecFun$$$Lambda$5/1108832950.apply$mcII$sp(Unknown Source)
	at scala.runtime.java8.JFunction1$mcII$sp.apply(JFunction1$mcII$sp.scala:17)
	at scala.collection.immutable.List.map(List.scala:222)
	at recfun.RecFun$.countChange(RecFun.scala:59)
	at recfun.RecFun$.$anonfun$countChange$1(RecFun.scala:59)
	at recfun.RecFun$$$Lambda$5/1108832950.apply$mcII$sp(Unknown Source)
	at scala.runtime.java8.JFunction1$mcII$sp.apply(JFunction1$mcII$sp.scala:17)
	at scala.collection.immutable.List.map(List.scala:222)
	at recfun.RecFun$.countChange(RecFun.scala:59)
	at recfun.RecFun$.$anonfun$countChange$1(RecFun.scala:59)
	at recfun.RecFun$$$Lambda$5/1108832950.apply$mcII$sp(Unknown Source)
	at scala.runtime.java8.JFunction1$mcII$sp.apply(JFunction1$mcII$sp.scala:17)
	at scala.collection.immutable.List.map(List.scala:222)
	at recfun.RecFun$.countChange(RecFun.scala:59)
	at recfun.RecFun$.$anonfun$countChange$1(RecFun.scala:59)
	at recfun.RecFun$$$Lambda$5/1108832950.apply$mcII$sp(Unknown Source)
	at scala.runtime.java8.JFunction1$mcII$sp.apply(JFunction1$mcII$sp.scala:17)
	at scala.collection.immutable.List.map(List.scala:222)
	at recfun.RecFun$.countChange(RecFun.scala:59)
	at recfun.RecFun$.$anonfun$countChange$1(RecFun.scala:59)
	at recfun.RecFun$$$Lambda$5/1108832950.apply$mcII$sp(Unknown Source)
	at scala.runtime.java8.JFunction1$mcII$sp.apply(JFunction1$mcII$sp.scala:17)
	at scala.collection.immutable.List.map(List.scala:222)
	at recfun.RecFun$.countChange(RecFun.scala:59)
	at recfun.RecFun$.$anonfun$countChange$1(RecFun.scala:59)
	at recfun.RecFun$$$Lambda$5/1108832950.apply$mcII$sp(Unknown Source)
	at scala.runtime.java8.JFunction1$mcII$sp.apply(JFunction1$mcII$sp.scala:17)
	at scala.collection.immutable.List.map(List.scala:222)
	at recfun.RecFun$.countChange(RecFun.scala:59)
	at recfun.RecFun$.$anonfun$countChange$1(RecFun.scala:59)
	at recfun.RecFun$$$Lambda$5/1108832950.apply$mcII$sp(Unknown Source)
	at scala.runtime.java8.JFunction1$mcII$sp.apply(JFunction1$mcII$sp.scala:17)
	at scala.collection.immutable.List.map(List.scala:222)
	at recfun.RecFun$.countChange(RecFun.scala:59)
	at recfun.RecFun$.$anonfun$countChange$1(RecFun.scala:59)
	at recfun.RecFun$$$Lambda$5/1108832950.apply$mcII$sp(Unknown Source)
	at scala.runtime.java8.JFunction1$mcII$sp.apply(JFunction1$mcII$sp.scala:17)
	at scala.collection.immutable.List.map(List.scala:222)
	at recfun.RecFun$.countChange(RecFun.scala:59)
	at recfun.RecFun$.$anonfun$countChange$1(RecFun.scala:59)
	at recfun.RecFun$$$Lambda$5/1108832950.apply$mcII$sp(Unknown Source)
	at scala.runtime.java8.JFunction1$mcII$sp.apply(JFunction1$mcII$sp.scala:17)
	at scala.collection.immutable.List.map(List.scala:222)
	at recfun.RecFun$.countChange(RecFun.scala:59)
	at recfun.RecFun$.$anonfun$countChange$1(RecFun.scala:59)
	at recfun.RecFun$$$Lambda$5/1108832950.apply$mcII$sp(Unknown Source)
	at scala.runtime.java8.JFunction1$mcII$sp.apply(JFunction1$mcII$sp.scala:17)
	at scala.collection.immutable.List.map(List.scala:222)
	at recfun.RecFun$.countChange(RecFun.scala:59)
	at recfun.RecFun$.$anonfun$countChange$1(RecFun.scala:59)
	at recfun.RecFun$$$Lambda$5/1108832950.apply$mcII$sp(Unknown Source)
	at scala.runtime.java8.JFunction1$mcII$sp.apply(JFunction1$mcII$sp.scala:17)
	at scala.collection.immutable.List.map(List.scala:222)
	at recfun.RecFun$.countChange(RecFun.scala:59)
	at recfun.RecFun$.$anonfun$countChange$1(RecFun.scala:59)
	at recfun.RecFun$$$Lambda$5/1108832950.apply$mcII$sp(Unknown Source)
	at scala.runtime.java8.JFunction1$mcII$sp.apply(JFunction1$mcII$sp.scala:17)
	at scala.collection.immutable.List.map(List.scala:222)
	at recfun.RecFun$.countChange(RecFun.scala:59)
	at recfun.RecFun$.$anonfun$countChange$1(RecFun.scala:59)
	at recfun.RecFun$$$Lambda$5/1108832950.apply$mcII$sp(Unknown Source)
	at scala.runtime.java8.JFunction1$mcII$sp.apply(JFunction1$mcII$sp.scala:17)
	at scala.collection.immutable.List.map(List.scala:222)
	at recfun.RecFun$.countChange(RecFun.scala:59)
	at recfun.RecFun$.$anonfun$countChange$1(RecFun.scala:59)
	at recfun.RecFun$$$Lambda$5/1108832950.apply$mcII$sp(Unknown Source)
	at scala.runtime.java8.JFunction1$mcII$sp.apply(JFunction1$mcII$sp.scala:17)
	at scala.collection.immutable.List.map(List.scala:222)
	at recfun.RecFun$.countChange(RecFun.scala:59)
	at recfun.RecFun$.$anonfun$countChange$1(RecFun.scala:59)
	at recfun.RecFun$$$Lambda$5/1108832950.apply$mcII$sp(Unknown Source)
	at scala.runtime.java8.JFunction1$mcII$sp.apply(JFunction1$mcII$sp.scala:17)
	at scala.collection.immutable.List.map(List.scala:222)
	at recfun.RecFun$.countChange(RecFun.scala:59)
	at recfun.RecFun$.$anonfun$countChange$1(RecFun.scala:59)
	at recfun.RecFun$$$Lambda$5/1108832950.apply$mcII$sp(Unknown Source)
	at scala.runtime.java8.JFunction1$mcII$sp.apply(JFunction1$mcII$sp.scala:17)
	at scala.collection.immutable.List.map(List.scala:222)
	at recfun.RecFun$.countChange(RecFun.scala:59)
	at recfun.RecFunSuite.countChange$colon$u0020sorted$u0020CHF(RecFunSuite.scala:29)
	at sun.reflect.NativeMethodAccessorImpl.invoke0(Native Method)
	at sun.reflect.NativeMethodAccessorImpl.invoke(NativeMethodAccessorImpl.java:62)
	at sun.reflect.DelegatingMethodAccessorImpl.invoke(DelegatingMethodAccessorImpl.java:43)
	at java.lang.reflect.Method.invoke(Method.java:498)
	at org.junit.runners.model.FrameworkMethod$1.runReflectiveCall(FrameworkMethod.java:47)
	at org.junit.internal.runners.model.ReflectiveCallable.run(ReflectiveCallable.java:12)
	at org.junit.runners.model.FrameworkMethod.invokeExplosively(FrameworkMethod.java:44)
	at org.junit.internal.runners.statements.InvokeMethod.evaluate(InvokeMethod.java:17)
	at org.junit.internal.runners.statements.FailOnTimeout$StatementThread.run(FailOnTimeout.java:74)
</failure>
                                               </testcase><testcase classname="recfun.RecFunSuite" name="countChange: unsorted CHF" time="10.01">
                                                 <failure message="java.lang.Exception: test timed out after 10000 milliseconds" type="sbt.ForkMain$ForkError">sbt.ForkMain$ForkError: java.lang.Exception: test timed out after 10000 milliseconds
	at scala.math.Ordering$Int$.compare(Ordering.scala:364)
	at scala.math.Ordering$Int$.compare(Ordering.scala:364)
	at scala.math.Ordering.lteq(Ordering.scala:91)
	at scala.math.Ordering.lteq$(Ordering.scala:91)
	at scala.math.Ordering$Int$.lteq(Ordering.scala:364)
	at scala.math.Ordering.min(Ordering.scala:109)
	at scala.math.Ordering.min$(Ordering.scala:109)
	at scala.math.Ordering$Int$.min(Ordering.scala:364)
	at scala.collection.IterableOnceOps.$anonfun$min$1(IterableOnce.scala:937)
	at scala.collection.IterableOnceOps$$Lambda$6/27381291.apply(Unknown Source)
	at scala.collection.IterableOnceOps.reduceLeft(IterableOnce.scala:755)
	at scala.collection.IterableOnceOps.reduceLeft$(IterableOnce.scala:741)
	at scala.collection.AbstractIterable.reduceLeft(Iterable.scala:904)
	at scala.collection.IterableOnceOps.min(IterableOnce.scala:937)
	at scala.collection.IterableOnceOps.min$(IterableOnce.scala:934)
	at scala.collection.AbstractIterable.min(Iterable.scala:904)
	at recfun.RecFun$.countChange(RecFun.scala:60)
	at recfun.RecFun$.$anonfun$countChange$1(RecFun.scala:59)
	at recfun.RecFun$$$Lambda$5/1108832950.apply$mcII$sp(Unknown Source)
	at scala.runtime.java8.JFunction1$mcII$sp.apply(JFunction1$mcII$sp.scala:17)
	at scala.collection.immutable.List.map(List.scala:226)
	at recfun.RecFun$.countChange(RecFun.scala:59)
	at recfun.RecFun$.$anonfun$countChange$1(RecFun.scala:59)
	at recfun.RecFun$$$Lambda$5/1108832950.apply$mcII$sp(Unknown Source)
	at scala.runtime.java8.JFunction1$mcII$sp.apply(JFunction1$mcII$sp.scala:17)
	at scala.collection.immutable.List.map(List.scala:226)
	at recfun.RecFun$.countChange(RecFun.scala:59)
	at recfun.RecFun$.$anonfun$countChange$1(RecFun.scala:59)
	at recfun.RecFun$$$Lambda$5/1108832950.apply$mcII$sp(Unknown Source)
	at scala.runtime.java8.JFunction1$mcII$sp.apply(JFunction1$mcII$sp.scala:17)
	at scala.collection.immutable.List.map(List.scala:226)
	at recfun.RecFun$.countChange(RecFun.scala:59)
	at recfun.RecFun$.$anonfun$countChange$1(RecFun.scala:59)
	at recfun.RecFun$$$Lambda$5/1108832950.apply$mcII$sp(Unknown Source)
	at scala.runtime.java8.JFunction1$mcII$sp.apply(JFunction1$mcII$sp.scala:17)
	at scala.collection.immutable.List.map(List.scala:226)
	at recfun.RecFun$.countChange(RecFun.scala:59)
	at recfun.RecFun$.$anonfun$countChange$1(RecFun.scala:59)
	at recfun.RecFun$$$Lambda$5/1108832950.apply$mcII$sp(Unknown Source)
	at scala.runtime.java8.JFunction1$mcII$sp.apply(JFunction1$mcII$sp.scala:17)
	at scala.collection.immutable.List.map(List.scala:226)
	at recfun.RecFun$.countChange(RecFun.scala:59)
	at recfun.RecFun$.$anonfun$countChange$1(RecFun.scala:59)
	at recfun.RecFun$$$Lambda$5/1108832950.apply$mcII$sp(Unknown Source)
	at scala.runtime.java8.JFunction1$mcII$sp.apply(JFunction1$mcII$sp.scala:17)
	at scala.collection.immutable.List.map(List.scala:226)
	at recfun.RecFun$.countChange(RecFun.scala:59)
	at recfun.RecFun$.$anonfun$countChange$1(RecFun.scala:59)
	at recfun.RecFun$$$Lambda$5/1108832950.apply$mcII$sp(Unknown Source)
	at scala.runtime.java8.JFunction1$mcII$sp.apply(JFunction1$mcII$sp.scala:17)
	at scala.collection.immutable.List.map(List.scala:226)
	at recfun.RecFun$.countChange(RecFun.scala:59)
	at recfun.RecFun$.$anonfun$countChange$1(RecFun.scala:59)
	at recfun.RecFun$$$Lambda$5/1108832950.apply$mcII$sp(Unknown Source)
	at scala.runtime.java8.JFunction1$mcII$sp.apply(JFunction1$mcII$sp.scala:17)
	at scala.collection.immutable.List.map(List.scala:226)
	at recfun.RecFun$.countChange(RecFun.scala:59)
	at recfun.RecFun$.$anonfun$countChange$1(RecFun.scala:59)
	at recfun.RecFun$$$Lambda$5/1108832950.apply$mcII$sp(Unknown Source)
	at scala.runtime.java8.JFunction1$mcII$sp.apply(JFunction1$mcII$sp.scala:17)
	at scala.collection.immutable.List.map(List.scala:226)
	at recfun.RecFun$.countChange(RecFun.scala:59)
	at recfun.RecFun$.$anonfun$countChange$1(RecFun.scala:59)
	at recfun.RecFun$$$Lambda$5/1108832950.apply$mcII$sp(Unknown Source)
	at scala.runtime.java8.JFunction1$mcII$sp.apply(JFunction1$mcII$sp.scala:17)
	at scala.collection.immutable.List.map(List.scala:226)
	at recfun.RecFun$.countChange(RecFun.scala:59)
	at recfun.RecFun$.$anonfun$countChange$1(RecFun.scala:59)
	at recfun.RecFun$$$Lambda$5/1108832950.apply$mcII$sp(Unknown Source)
	at scala.runtime.java8.JFunction1$mcII$sp.apply(JFunction1$mcII$sp.scala:17)
	at scala.collection.immutable.List.map(List.scala:226)
	at recfun.RecFun$.countChange(RecFun.scala:59)
	at recfun.RecFun$.$anonfun$countChange$1(RecFun.scala:59)
	at recfun.RecFun$$$Lambda$5/1108832950.apply$mcII$sp(Unknown Source)
	at scala.runtime.java8.JFunction1$mcII$sp.apply(JFunction1$mcII$sp.scala:17)
	at scala.collection.immutable.List.map(List.scala:226)
	at recfun.RecFun$.countChange(RecFun.scala:59)
	at recfun.RecFun$.$anonfun$countChange$1(RecFun.scala:59)
	at recfun.RecFun$$$Lambda$5/1108832950.apply$mcII$sp(Unknown Source)
	at scala.runtime.java8.JFunction1$mcII$sp.apply(JFunction1$mcII$sp.scala:17)
	at scala.collection.immutable.List.map(List.scala:226)
	at recfun.RecFun$.countChange(RecFun.scala:59)
	at recfun.RecFun$.$anonfun$countChange$1(RecFun.scala:59)
	at recfun.RecFun$$$Lambda$5/1108832950.apply$mcII$sp(Unknown Source)
	at scala.runtime.java8.JFunction1$mcII$sp.apply(JFunction1$mcII$sp.scala:17)
	at scala.collection.immutable.List.map(List.scala:226)
	at recfun.RecFun$.countChange(RecFun.scala:59)
	at recfun.RecFun$.$anonfun$countChange$1(RecFun.scala:59)
	at recfun.RecFun$$$Lambda$5/1108832950.apply$mcII$sp(Unknown Source)
	at scala.runtime.java8.JFunction1$mcII$sp.apply(JFunction1$mcII$sp.scala:17)
	at scala.collection.immutable.List.map(List.scala:226)
	at recfun.RecFun$.countChange(RecFun.scala:59)
	at recfun.RecFun$.$anonfun$countChange$1(RecFun.scala:59)
	at recfun.RecFun$$$Lambda$5/1108832950.apply$mcII$sp(Unknown Source)
	at scala.runtime.java8.JFunction1$mcII$sp.apply(JFunction1$mcII$sp.scala:17)
	at scala.collection.immutable.List.map(List.scala:226)
	at recfun.RecFun$.countChange(RecFun.scala:59)
	at recfun.RecFun$.$anonfun$countChange$1(RecFun.scala:59)
	at recfun.RecFun$$$Lambda$5/1108832950.apply$mcII$sp(Unknown Source)
	at scala.runtime.java8.JFunction1$mcII$sp.apply(JFunction1$mcII$sp.scala:17)
	at scala.collection.immutable.List.map(List.scala:226)
	at recfun.RecFun$.countChange(RecFun.scala:59)
	at recfun.RecFun$.$anonfun$countChange$1(RecFun.scala:59)
	at recfun.RecFun$$$Lambda$5/1108832950.apply$mcII$sp(Unknown Source)
	at scala.runtime.java8.JFunction1$mcII$sp.apply(JFunction1$mcII$sp.scala:17)
	at scala.collection.immutable.List.map(List.scala:226)
	at recfun.RecFun$.countChange(RecFun.scala:59)
	at recfun.RecFun$.$anonfun$countChange$1(RecFun.scala:59)
	at recfun.RecFun$$$Lambda$5/1108832950.apply$mcII$sp(Unknown Source)
	at scala.runtime.java8.JFunction1$mcII$sp.apply(JFunction1$mcII$sp.scala:17)
	at scala.collection.immutable.List.map(List.scala:226)
	at recfun.RecFun$.countChange(RecFun.scala:59)
	at recfun.RecFun$.$anonfun$countChange$1(RecFun.scala:59)
	at recfun.RecFun$$$Lambda$5/1108832950.apply$mcII$sp(Unknown Source)
	at scala.runtime.java8.JFunction1$mcII$sp.apply(JFunction1$mcII$sp.scala:17)
	at scala.collection.immutable.List.map(List.scala:226)
	at recfun.RecFun$.countChange(RecFun.scala:59)
	at recfun.RecFun$.$anonfun$countChange$1(RecFun.scala:59)
	at recfun.RecFun$$$Lambda$5/1108832950.apply$mcII$sp(Unknown Source)
	at scala.runtime.java8.JFunction1$mcII$sp.apply(JFunction1$mcII$sp.scala:17)
	at scala.collection.immutable.List.map(List.scala:226)
	at recfun.RecFun$.countChange(RecFun.scala:59)
	at recfun.RecFun$.$anonfun$countChange$1(RecFun.scala:59)
	at recfun.RecFun$$$Lambda$5/1108832950.apply$mcII$sp(Unknown Source)
	at scala.runtime.java8.JFunction1$mcII$sp.apply(JFunction1$mcII$sp.scala:17)
	at scala.collection.immutable.List.map(List.scala:226)
	at recfun.RecFun$.countChange(RecFun.scala:59)
	at recfun.RecFun$.$anonfun$countChange$1(RecFun.scala:59)
	at recfun.RecFun$$$Lambda$5/1108832950.apply$mcII$sp(Unknown Source)
	at scala.runtime.java8.JFunction1$mcII$sp.apply(JFunction1$mcII$sp.scala:17)
	at scala.collection.immutable.List.map(List.scala:226)
	at recfun.RecFun$.countChange(RecFun.scala:59)
	at recfun.RecFun$.$anonfun$countChange$1(RecFun.scala:59)
	at recfun.RecFun$$$Lambda$5/1108832950.apply$mcII$sp(Unknown Source)
	at scala.runtime.java8.JFunction1$mcII$sp.apply(JFunction1$mcII$sp.scala:17)
	at scala.collection.immutable.List.map(List.scala:226)
	at recfun.RecFun$.countChange(RecFun.scala:59)
	at recfun.RecFun$.$anonfun$countChange$1(RecFun.scala:59)
	at recfun.RecFun$$$Lambda$5/1108832950.apply$mcII$sp(Unknown Source)
	at scala.runtime.java8.JFunction1$mcII$sp.apply(JFunction1$mcII$sp.scala:17)
	at scala.collection.immutable.List.map(List.scala:226)
	at recfun.RecFun$.countChange(RecFun.scala:59)
	at recfun.RecFun$.$anonfun$countChange$1(RecFun.scala:59)
	at recfun.RecFun$$$Lambda$5/1108832950.apply$mcII$sp(Unknown Source)
	at scala.runtime.java8.JFunction1$mcII$sp.apply(JFunction1$mcII$sp.scala:17)
	at scala.collection.immutable.List.map(List.scala:226)
	at recfun.RecFun$.countChange(RecFun.scala:59)
	at recfun.RecFun$.$anonfun$countChange$1(RecFun.scala:59)
	at recfun.RecFun$$$Lambda$5/1108832950.apply$mcII$sp(Unknown Source)
	at scala.runtime.java8.JFunction1$mcII$sp.apply(JFunction1$mcII$sp.scala:17)
	at scala.collection.immutable.List.map(List.scala:226)
	at recfun.RecFun$.countChange(RecFun.scala:59)
	at recfun.RecFun$.$anonfun$countChange$1(RecFun.scala:59)
	at recfun.RecFun$$$Lambda$5/1108832950.apply$mcII$sp(Unknown Source)
	at scala.runtime.java8.JFunction1$mcII$sp.apply(JFunction1$mcII$sp.scala:17)
	at scala.collection.immutable.List.map(List.scala:226)
	at recfun.RecFun$.countChange(RecFun.scala:59)
	at recfun.RecFun$.$anonfun$countChange$1(RecFun.scala:59)
	at recfun.RecFun$$$Lambda$5/1108832950.apply$mcII$sp(Unknown Source)
	at scala.runtime.java8.JFunction1$mcII$sp.apply(JFunction1$mcII$sp.scala:17)
	at scala.collection.immutable.List.map(List.scala:226)
	at recfun.RecFun$.countChange(RecFun.scala:59)
	at recfun.RecFun$.$anonfun$countChange$1(RecFun.scala:59)
	at recfun.RecFun$$$Lambda$5/1108832950.apply$mcII$sp(Unknown Source)
	at scala.runtime.java8.JFunction1$mcII$sp.apply(JFunction1$mcII$sp.scala:17)
	at scala.collection.immutable.List.map(List.scala:226)
	at recfun.RecFun$.countChange(RecFun.scala:59)
	at recfun.RecFun$.$anonfun$countChange$1(RecFun.scala:59)
	at recfun.RecFun$$$Lambda$5/1108832950.apply$mcII$sp(Unknown Source)
	at scala.runtime.java8.JFunction1$mcII$sp.apply(JFunction1$mcII$sp.scala:17)
	at scala.collection.immutable.List.map(List.scala:226)
	at recfun.RecFun$.countChange(RecFun.scala:59)
	at recfun.RecFun$.$anonfun$countChange$1(RecFun.scala:59)
	at recfun.RecFun$$$Lambda$5/1108832950.apply$mcII$sp(Unknown Source)
	at scala.runtime.java8.JFunction1$mcII$sp.apply(JFunction1$mcII$sp.scala:17)
	at scala.collection.immutable.List.map(List.scala:226)
	at recfun.RecFun$.countChange(RecFun.scala:59)
	at recfun.RecFun$.$anonfun$countChange$1(RecFun.scala:59)
	at recfun.RecFun$$$Lambda$5/1108832950.apply$mcII$sp(Unknown Source)
	at scala.runtime.java8.JFunction1$mcII$sp.apply(JFunction1$mcII$sp.scala:17)
	at scala.collection.immutable.List.map(List.scala:226)
	at recfun.RecFun$.countChange(RecFun.scala:59)
	at recfun.RecFun$.$anonfun$countChange$1(RecFun.scala:59)
	at recfun.RecFun$$$Lambda$5/1108832950.apply$mcII$sp(Unknown Source)
	at scala.runtime.java8.JFunction1$mcII$sp.apply(JFunction1$mcII$sp.scala:17)
	at scala.collection.immutable.List.map(List.scala:226)
	at recfun.RecFun$.countChange(RecFun.scala:59)
	at recfun.RecFun$.$anonfun$countChange$1(RecFun.scala:59)
	at recfun.RecFun$$$Lambda$5/1108832950.apply$mcII$sp(Unknown Source)
	at scala.runtime.java8.JFunction1$mcII$sp.apply(JFunction1$mcII$sp.scala:17)
	at scala.collection.immutable.List.map(List.scala:226)
	at recfun.RecFun$.countChange(RecFun.scala:59)
	at recfun.RecFun$.$anonfun$countChange$1(RecFun.scala:59)
	at recfun.RecFun$$$Lambda$5/1108832950.apply$mcII$sp(Unknown Source)
	at scala.runtime.java8.JFunction1$mcII$sp.apply(JFunction1$mcII$sp.scala:17)
	at scala.collection.immutable.List.map(List.scala:226)
	at recfun.RecFun$.countChange(RecFun.scala:59)
	at recfun.RecFun$.$anonfun$countChange$1(RecFun.scala:59)
	at recfun.RecFun$$$Lambda$5/1108832950.apply$mcII$sp(Unknown Source)
	at scala.runtime.java8.JFunction1$mcII$sp.apply(JFunction1$mcII$sp.scala:17)
	at scala.collection.immutable.List.map(List.scala:226)
	at recfun.RecFun$.countChange(RecFun.scala:59)
	at recfun.RecFun$.$anonfun$countChange$1(RecFun.scala:59)
	at recfun.RecFun$$$Lambda$5/1108832950.apply$mcII$sp(Unknown Source)
	at scala.runtime.java8.JFunction1$mcII$sp.apply(JFunction1$mcII$sp.scala:17)
	at scala.collection.immutable.List.map(List.scala:226)
	at recfun.RecFun$.countChange(RecFun.scala:59)
	at recfun.RecFun$.$anonfun$countChange$1(RecFun.scala:59)
	at recfun.RecFun$$$Lambda$5/1108832950.apply$mcII$sp(Unknown Source)
	at scala.runtime.java8.JFunction1$mcII$sp.apply(JFunction1$mcII$sp.scala:17)
	at scala.collection.immutable.List.map(List.scala:226)
	at recfun.RecFun$.countChange(RecFun.scala:59)
	at recfun.RecFun$.$anonfun$countChange$1(RecFun.scala:59)
	at recfun.RecFun$$$Lambda$5/1108832950.apply$mcII$sp(Unknown Source)
	at scala.runtime.java8.JFunction1$mcII$sp.apply(JFunction1$mcII$sp.scala:17)
	at scala.collection.immutable.List.map(List.scala:226)
	at recfun.RecFun$.countChange(RecFun.scala:59)
	at recfun.RecFun$.$anonfun$countChange$1(RecFun.scala:59)
	at recfun.RecFun$$$Lambda$5/1108832950.apply$mcII$sp(Unknown Source)
	at scala.runtime.java8.JFunction1$mcII$sp.apply(JFunction1$mcII$sp.scala:17)
	at scala.collection.immutable.List.map(List.scala:226)
	at recfun.RecFun$.countChange(RecFun.scala:59)
	at recfun.RecFun$.$anonfun$countChange$1(RecFun.scala:59)
	at recfun.RecFun$$$Lambda$5/1108832950.apply$mcII$sp(Unknown Source)
	at scala.runtime.java8.JFunction1$mcII$sp.apply(JFunction1$mcII$sp.scala:17)
	at scala.collection.immutable.List.map(List.scala:226)
	at recfun.RecFun$.countChange(RecFun.scala:59)
	at recfun.RecFun$.$anonfun$countChange$1(RecFun.scala:59)
	at recfun.RecFun$$$Lambda$5/1108832950.apply$mcII$sp(Unknown Source)
	at scala.runtime.java8.JFunction1$mcII$sp.apply(JFunction1$mcII$sp.scala:17)
	at scala.collection.immutable.List.map(List.scala:226)
	at recfun.RecFun$.countChange(RecFun.scala:59)
	at recfun.RecFunSuite.countChange$colon$u0020unsorted$u0020CHF(RecFunSuite.scala:35)
	at sun.reflect.NativeMethodAccessorImpl.invoke0(Native Method)
	at sun.reflect.NativeMethodAccessorImpl.invoke(NativeMethodAccessorImpl.java:62)
	at sun.reflect.DelegatingMethodAccessorImpl.invoke(DelegatingMethodAccessorImpl.java:43)
	at java.lang.reflect.Method.invoke(Method.java:498)
	at org.junit.runners.model.FrameworkMethod$1.runReflectiveCall(FrameworkMethod.java:47)
	at org.junit.internal.runners.model.ReflectiveCallable.run(ReflectiveCallable.java:12)
	at org.junit.runners.model.FrameworkMethod.invokeExplosively(FrameworkMethod.java:44)
	at org.junit.internal.runners.statements.InvokeMethod.evaluate(InvokeMethod.java:17)
	at org.junit.internal.runners.statements.FailOnTimeout$StatementThread.run(FailOnTimeout.java:74)
</failure>
                                               </testcase><testcase classname="recfun.RecFunSuite" name="countChange: example given in instructions" time="0.001">
                                                 
                                               </testcase><testcase classname="recfun.RecFunSuite" name="balance: counting is not enough" time="0.165">
                                                 <failure message="java.lang.StringIndexOutOfBoundsException: String index out of range: 4" type="sbt.ForkMain$ForkError">sbt.ForkMain$ForkError: java.lang.StringIndexOutOfBoundsException: String index out of range: 4
	at java.lang.String.charAt(String.java:658)
	at recfun.RecFun$._updown$1(RecFun.scala:38)
	at recfun.RecFun$.balance(RecFun.scala:47)
	at recfun.RecFunSuite.balance$colon$u0020counting$u0020is$u0020not$u0020enough(RecFunSuite.scala:21)
	at sun.reflect.NativeMethodAccessorImpl.invoke0(Native Method)
	at sun.reflect.NativeMethodAccessorImpl.invoke(NativeMethodAccessorImpl.java:62)
	at sun.reflect.DelegatingMethodAccessorImpl.invoke(DelegatingMethodAccessorImpl.java:43)
	at java.lang.reflect.Method.invoke(Method.java:498)
	at org.junit.runners.model.FrameworkMethod$1.runReflectiveCall(FrameworkMethod.java:47)
	at org.junit.internal.runners.model.ReflectiveCallable.run(ReflectiveCallable.java:12)
	at org.junit.runners.model.FrameworkMethod.invokeExplosively(FrameworkMethod.java:44)
	at org.junit.internal.runners.statements.InvokeMethod.evaluate(InvokeMethod.java:17)
	at org.junit.internal.runners.statements.FailOnTimeout$StatementThread.run(FailOnTimeout.java:74)
</failure>
                                               </testcase><testcase classname="recfun.RecFunSuite" name="pascal: col=1,row=2" time="0.001">
                                                 
                                               </testcase><testcase classname="recfun.RecFunSuite" name="pascal: col=1,row=3" time="0.001">
                                                 
                                               </testcase><testcase classname="recfun.RecFunSuite" name="balance: ':-)' is unbalanced" time="0.005">
                                                 <failure message="java.lang.StringIndexOutOfBoundsException: String index out of range: 3" type="sbt.ForkMain$ForkError">sbt.ForkMain$ForkError: java.lang.StringIndexOutOfBoundsException: String index out of range: 3
	at java.lang.String.charAt(String.java:658)
	at recfun.RecFun$._updown$1(RecFun.scala:38)
	at recfun.RecFun$.balance(RecFun.scala:47)
	at recfun.RecFunSuite.balance$colon$u0020$u0027$colon$minus$u0029$u0027$u0020is$u0020unbalanced(RecFunSuite.scala:18)
	at sun.reflect.NativeMethodAccessorImpl.invoke0(Native Method)
	at sun.reflect.NativeMethodAccessorImpl.invoke(NativeMethodAccessorImpl.java:62)
	at sun.reflect.DelegatingMethodAccessorImpl.invoke(DelegatingMethodAccessorImpl.java:43)
	at java.lang.reflect.Method.invoke(Method.java:498)
	at org.junit.runners.model.FrameworkMethod$1.runReflectiveCall(FrameworkMethod.java:47)
	at org.junit.internal.runners.model.ReflectiveCallable.run(ReflectiveCallable.java:12)
	at org.junit.runners.model.FrameworkMethod.invokeExplosively(FrameworkMethod.java:44)
	at org.junit.internal.runners.statements.InvokeMethod.evaluate(InvokeMethod.java:17)
	at org.junit.internal.runners.statements.FailOnTimeout$StatementThread.run(FailOnTimeout.java:74)
</failure>
                                               </testcase><testcase classname="recfun.RecFunSuite" name="pascal: col=0,row=2" time="0.016">
                                                 
                                               </testcase><testcase classname="recfun.RecFunSuite" name="balance: '(if (zero? x) max (/ 1 x))' is balanced" time="0.007">
                                                 <failure message="java.lang.StringIndexOutOfBoundsException: String index out of range: 26" type="sbt.ForkMain$ForkError">sbt.ForkMain$ForkError: java.lang.StringIndexOutOfBoundsException: String index out of range: 26
	at java.lang.String.charAt(String.java:658)
	at recfun.RecFun$._updown$1(RecFun.scala:38)
	at recfun.RecFun$.balance(RecFun.scala:47)
	at recfun.RecFunSuite.balance$colon$u0020$u0027$u0028if$u0020$u0028zero$qmark$u0020x$u0029$u0020max$u0020$u0028$div$u00201$u0020x$u0029$u0029$u0027$u0020is$u0020balanced(RecFunSuite.scala:12)
	at sun.reflect.NativeMethodAccessorImpl.invoke0(Native Method)
	at sun.reflect.NativeMethodAccessorImpl.invoke(NativeMethodAccessorImpl.java:62)
	at sun.reflect.DelegatingMethodAccessorImpl.invoke(DelegatingMethodAccessorImpl.java:43)
	at java.lang.reflect.Method.invoke(Method.java:498)
	at org.junit.runners.model.FrameworkMethod$1.runReflectiveCall(FrameworkMethod.java:47)
	at org.junit.internal.runners.model.ReflectiveCallable.run(ReflectiveCallable.java:12)
	at org.junit.runners.model.FrameworkMethod.invokeExplosively(FrameworkMethod.java:44)
	at org.junit.internal.runners.statements.InvokeMethod.evaluate(InvokeMethod.java:17)
	at org.junit.internal.runners.statements.FailOnTimeout$StatementThread.run(FailOnTimeout.java:74)
</failure>
                                               </testcase><testcase classname="recfun.RecFunSuite" name="countChange: no pennies" time="10.005">
                                                 <failure message="java.lang.Exception: test timed out after 10000 milliseconds" type="sbt.ForkMain$ForkError">sbt.ForkMain$ForkError: java.lang.Exception: test timed out after 10000 milliseconds
	at recfun.RecFun$.$anonfun$countChange$1(RecFun.scala:59)
	at recfun.RecFun$$$Lambda$5/1108832950.apply$mcII$sp(Unknown Source)
	at scala.runtime.java8.JFunction1$mcII$sp.apply(JFunction1$mcII$sp.scala:17)
	at scala.collection.immutable.List.map(List.scala:226)
	at recfun.RecFun$.countChange(RecFun.scala:59)
	at recfun.RecFun$.$anonfun$countChange$1(RecFun.scala:59)
	at recfun.RecFun$$$Lambda$5/1108832950.apply$mcII$sp(Unknown Source)
	at scala.runtime.java8.JFunction1$mcII$sp.apply(JFunction1$mcII$sp.scala:17)
	at scala.collection.immutable.List.map(List.scala:222)
	at recfun.RecFun$.countChange(RecFun.scala:59)
	at recfun.RecFun$.$anonfun$countChange$1(RecFun.scala:59)
	at recfun.RecFun$$$Lambda$5/1108832950.apply$mcII$sp(Unknown Source)
	at scala.runtime.java8.JFunction1$mcII$sp.apply(JFunction1$mcII$sp.scala:17)
	at scala.collection.immutable.List.map(List.scala:226)
	at recfun.RecFun$.countChange(RecFun.scala:59)
	at recfun.RecFun$.$anonfun$countChange$1(RecFun.scala:59)
	at recfun.RecFun$$$Lambda$5/1108832950.apply$mcII$sp(Unknown Source)
	at scala.runtime.java8.JFunction1$mcII$sp.apply(JFunction1$mcII$sp.scala:17)
	at scala.collection.immutable.List.map(List.scala:222)
	at recfun.RecFun$.countChange(RecFun.scala:59)
	at recfun.RecFun$.$anonfun$countChange$1(RecFun.scala:59)
	at recfun.RecFun$$$Lambda$5/1108832950.apply$mcII$sp(Unknown Source)
	at scala.runtime.java8.JFunction1$mcII$sp.apply(JFunction1$mcII$sp.scala:17)
	at scala.collection.immutable.List.map(List.scala:226)
	at recfun.RecFun$.countChange(RecFun.scala:59)
	at recfun.RecFun$.$anonfun$countChange$1(RecFun.scala:59)
	at recfun.RecFun$$$Lambda$5/1108832950.apply$mcII$sp(Unknown Source)
	at scala.runtime.java8.JFunction1$mcII$sp.apply(JFunction1$mcII$sp.scala:17)
	at scala.collection.immutable.List.map(List.scala:222)
	at recfun.RecFun$.countChange(RecFun.scala:59)
	at recfun.RecFun$.$anonfun$countChange$1(RecFun.scala:59)
	at recfun.RecFun$$$Lambda$5/1108832950.apply$mcII$sp(Unknown Source)
	at scala.runtime.java8.JFunction1$mcII$sp.apply(JFunction1$mcII$sp.scala:17)
	at scala.collection.immutable.List.map(List.scala:226)
	at recfun.RecFun$.countChange(RecFun.scala:59)
	at recfun.RecFun$.$anonfun$countChange$1(RecFun.scala:59)
	at recfun.RecFun$$$Lambda$5/1108832950.apply$mcII$sp(Unknown Source)
	at scala.runtime.java8.JFunction1$mcII$sp.apply(JFunction1$mcII$sp.scala:17)
	at scala.collection.immutable.List.map(List.scala:226)
	at recfun.RecFun$.countChange(RecFun.scala:59)
	at recfun.RecFun$.$anonfun$countChange$1(RecFun.scala:59)
	at recfun.RecFun$$$Lambda$5/1108832950.apply$mcII$sp(Unknown Source)
	at scala.runtime.java8.JFunction1$mcII$sp.apply(JFunction1$mcII$sp.scala:17)
	at scala.collection.immutable.List.map(List.scala:226)
	at recfun.RecFun$.countChange(RecFun.scala:59)
	at recfun.RecFun$.$anonfun$countChange$1(RecFun.scala:59)
	at recfun.RecFun$$$Lambda$5/1108832950.apply$mcII$sp(Unknown Source)
	at scala.runtime.java8.JFunction1$mcII$sp.apply(JFunction1$mcII$sp.scala:17)
	at scala.collection.immutable.List.map(List.scala:226)
	at recfun.RecFun$.countChange(RecFun.scala:59)
	at recfun.RecFun$.$anonfun$countChange$1(RecFun.scala:59)
	at recfun.RecFun$$$Lambda$5/1108832950.apply$mcII$sp(Unknown Source)
	at scala.runtime.java8.JFunction1$mcII$sp.apply(JFunction1$mcII$sp.scala:17)
	at scala.collection.immutable.List.map(List.scala:226)
	at recfun.RecFun$.countChange(RecFun.scala:59)
	at recfun.RecFun$.$anonfun$countChange$1(RecFun.scala:59)
	at recfun.RecFun$$$Lambda$5/1108832950.apply$mcII$sp(Unknown Source)
	at scala.runtime.java8.JFunction1$mcII$sp.apply(JFunction1$mcII$sp.scala:17)
	at scala.collection.immutable.List.map(List.scala:222)
	at recfun.RecFun$.countChange(RecFun.scala:59)
	at recfun.RecFun$.$anonfun$countChange$1(RecFun.scala:59)
	at recfun.RecFun$$$Lambda$5/1108832950.apply$mcII$sp(Unknown Source)
	at scala.runtime.java8.JFunction1$mcII$sp.apply(JFunction1$mcII$sp.scala:17)
	at scala.collection.immutable.List.map(List.scala:226)
	at recfun.RecFun$.countChange(RecFun.scala:59)
	at recfun.RecFun$.$anonfun$countChange$1(RecFun.scala:59)
	at recfun.RecFun$$$Lambda$5/1108832950.apply$mcII$sp(Unknown Source)
	at scala.runtime.java8.JFunction1$mcII$sp.apply(JFunction1$mcII$sp.scala:17)
	at scala.collection.immutable.List.map(List.scala:222)
	at recfun.RecFun$.countChange(RecFun.scala:59)
	at recfun.RecFun$.$anonfun$countChange$1(RecFun.scala:59)
	at recfun.RecFun$$$Lambda$5/1108832950.apply$mcII$sp(Unknown Source)
	at scala.runtime.java8.JFunction1$mcII$sp.apply(JFunction1$mcII$sp.scala:17)
	at scala.collection.immutable.List.map(List.scala:222)
	at recfun.RecFun$.countChange(RecFun.scala:59)
	at recfun.RecFun$.$anonfun$countChange$1(RecFun.scala:59)
	at recfun.RecFun$$$Lambda$5/1108832950.apply$mcII$sp(Unknown Source)
	at scala.runtime.java8.JFunction1$mcII$sp.apply(JFunction1$mcII$sp.scala:17)
	at scala.collection.immutable.List.map(List.scala:222)
	at recfun.RecFun$.countChange(RecFun.scala:59)
	at recfun.RecFun$.$anonfun$countChange$1(RecFun.scala:59)
	at recfun.RecFun$$$Lambda$5/1108832950.apply$mcII$sp(Unknown Source)
	at scala.runtime.java8.JFunction1$mcII$sp.apply(JFunction1$mcII$sp.scala:17)
	at scala.collection.immutable.List.map(List.scala:226)
	at recfun.RecFun$.countChange(RecFun.scala:59)
	at recfun.RecFun$.$anonfun$countChange$1(RecFun.scala:59)
	at recfun.RecFun$$$Lambda$5/1108832950.apply$mcII$sp(Unknown Source)
	at scala.runtime.java8.JFunction1$mcII$sp.apply(JFunction1$mcII$sp.scala:17)
	at scala.collection.immutable.List.map(List.scala:222)
	at recfun.RecFun$.countChange(RecFun.scala:59)
	at recfun.RecFun$.$anonfun$countChange$1(RecFun.scala:59)
	at recfun.RecFun$$$Lambda$5/1108832950.apply$mcII$sp(Unknown Source)
	at scala.runtime.java8.JFunction1$mcII$sp.apply(JFunction1$mcII$sp.scala:17)
	at scala.collection.immutable.List.map(List.scala:222)
	at recfun.RecFun$.countChange(RecFun.scala:59)
	at recfun.RecFun$.$anonfun$countChange$1(RecFun.scala:59)
	at recfun.RecFun$$$Lambda$5/1108832950.apply$mcII$sp(Unknown Source)
	at scala.runtime.java8.JFunction1$mcII$sp.apply(JFunction1$mcII$sp.scala:17)
	at scala.collection.immutable.List.map(List.scala:222)
	at recfun.RecFun$.countChange(RecFun.scala:59)
	at recfun.RecFun$.$anonfun$countChange$1(RecFun.scala:59)
	at recfun.RecFun$$$Lambda$5/1108832950.apply$mcII$sp(Unknown Source)
	at scala.runtime.java8.JFunction1$mcII$sp.apply(JFunction1$mcII$sp.scala:17)
	at scala.collection.immutable.List.map(List.scala:222)
	at recfun.RecFun$.countChange(RecFun.scala:59)
	at recfun.RecFun$.$anonfun$countChange$1(RecFun.scala:59)
	at recfun.RecFun$$$Lambda$5/1108832950.apply$mcII$sp(Unknown Source)
	at scala.runtime.java8.JFunction1$mcII$sp.apply(JFunction1$mcII$sp.scala:17)
	at scala.collection.immutable.List.map(List.scala:222)
	at recfun.RecFun$.countChange(RecFun.scala:59)
	at recfun.RecFun$.$anonfun$countChange$1(RecFun.scala:59)
	at recfun.RecFun$$$Lambda$5/1108832950.apply$mcII$sp(Unknown Source)
	at scala.runtime.java8.JFunction1$mcII$sp.apply(JFunction1$mcII$sp.scala:17)
	at scala.collection.immutable.List.map(List.scala:222)
	at recfun.RecFun$.countChange(RecFun.scala:59)
	at recfun.RecFun$.$anonfun$countChange$1(RecFun.scala:59)
	at recfun.RecFun$$$Lambda$5/1108832950.apply$mcII$sp(Unknown Source)
	at scala.runtime.java8.JFunction1$mcII$sp.apply(JFunction1$mcII$sp.scala:17)
	at scala.collection.immutable.List.map(List.scala:222)
	at recfun.RecFun$.countChange(RecFun.scala:59)
	at recfun.RecFun$.$anonfun$countChange$1(RecFun.scala:59)
	at recfun.RecFun$$$Lambda$5/1108832950.apply$mcII$sp(Unknown Source)
	at scala.runtime.java8.JFunction1$mcII$sp.apply(JFunction1$mcII$sp.scala:17)
	at scala.collection.immutable.List.map(List.scala:222)
	at recfun.RecFun$.countChange(RecFun.scala:59)
	at recfun.RecFun$.$anonfun$countChange$1(RecFun.scala:59)
	at recfun.RecFun$$$Lambda$5/1108832950.apply$mcII$sp(Unknown Source)
	at scala.runtime.java8.JFunction1$mcII$sp.apply(JFunction1$mcII$sp.scala:17)
	at scala.collection.immutable.List.map(List.scala:222)
	at recfun.RecFun$.countChange(RecFun.scala:59)
	at recfun.RecFun$.$anonfun$countChange$1(RecFun.scala:59)
	at recfun.RecFun$$$Lambda$5/1108832950.apply$mcII$sp(Unknown Source)
	at scala.runtime.java8.JFunction1$mcII$sp.apply(JFunction1$mcII$sp.scala:17)
	at scala.collection.immutable.List.map(List.scala:222)
	at recfun.RecFun$.countChange(RecFun.scala:59)
	at recfun.RecFun$.$anonfun$countChange$1(RecFun.scala:59)
	at recfun.RecFun$$$Lambda$5/1108832950.apply$mcII$sp(Unknown Source)
	at scala.runtime.java8.JFunction1$mcII$sp.apply(JFunction1$mcII$sp.scala:17)
	at scala.collection.immutable.List.map(List.scala:222)
	at recfun.RecFun$.countChange(RecFun.scala:59)
	at recfun.RecFun$.$anonfun$countChange$1(RecFun.scala:59)
	at recfun.RecFun$$$Lambda$5/1108832950.apply$mcII$sp(Unknown Source)
	at scala.runtime.java8.JFunction1$mcII$sp.apply(JFunction1$mcII$sp.scala:17)
	at scala.collection.immutable.List.map(List.scala:222)
	at recfun.RecFun$.countChange(RecFun.scala:59)
	at recfun.RecFun$.$anonfun$countChange$1(RecFun.scala:59)
	at recfun.RecFun$$$Lambda$5/1108832950.apply$mcII$sp(Unknown Source)
	at scala.runtime.java8.JFunction1$mcII$sp.apply(JFunction1$mcII$sp.scala:17)
	at scala.collection.immutable.List.map(List.scala:222)
	at recfun.RecFun$.countChange(RecFun.scala:59)
	at recfun.RecFun$.$anonfun$countChange$1(RecFun.scala:59)
	at recfun.RecFun$$$Lambda$5/1108832950.apply$mcII$sp(Unknown Source)
	at scala.runtime.java8.JFunction1$mcII$sp.apply(JFunction1$mcII$sp.scala:17)
	at scala.collection.immutable.List.map(List.scala:222)
	at recfun.RecFun$.countChange(RecFun.scala:59)
	at recfun.RecFun$.$anonfun$countChange$1(RecFun.scala:59)
	at recfun.RecFun$$$Lambda$5/1108832950.apply$mcII$sp(Unknown Source)
	at scala.runtime.java8.JFunction1$mcII$sp.apply(JFunction1$mcII$sp.scala:17)
	at scala.collection.immutable.List.map(List.scala:222)
	at recfun.RecFun$.countChange(RecFun.scala:59)
	at recfun.RecFun$.$anonfun$countChange$1(RecFun.scala:59)
	at recfun.RecFun$$$Lambda$5/1108832950.apply$mcII$sp(Unknown Source)
	at scala.runtime.java8.JFunction1$mcII$sp.apply(JFunction1$mcII$sp.scala:17)
	at scala.collection.immutable.List.map(List.scala:222)
	at recfun.RecFun$.countChange(RecFun.scala:59)
	at recfun.RecFun$.$anonfun$countChange$1(RecFun.scala:59)
	at recfun.RecFun$$$Lambda$5/1108832950.apply$mcII$sp(Unknown Source)
	at scala.runtime.java8.JFunction1$mcII$sp.apply(JFunction1$mcII$sp.scala:17)
	at scala.collection.immutable.List.map(List.scala:222)
	at recfun.RecFun$.countChange(RecFun.scala:59)
	at recfun.RecFun$.$anonfun$countChange$1(RecFun.scala:59)
	at recfun.RecFun$$$Lambda$5/1108832950.apply$mcII$sp(Unknown Source)
	at scala.runtime.java8.JFunction1$mcII$sp.apply(JFunction1$mcII$sp.scala:17)
	at scala.collection.immutable.List.map(List.scala:222)
	at recfun.RecFun$.countChange(RecFun.scala:59)
	at recfun.RecFun$.$anonfun$countChange$1(RecFun.scala:59)
	at recfun.RecFun$$$Lambda$5/1108832950.apply$mcII$sp(Unknown Source)
	at scala.runtime.java8.JFunction1$mcII$sp.apply(JFunction1$mcII$sp.scala:17)
	at scala.collection.immutable.List.map(List.scala:222)
	at recfun.RecFun$.countChange(RecFun.scala:59)
	at recfun.RecFun$.$anonfun$countChange$1(RecFun.scala:59)
	at recfun.RecFun$$$Lambda$5/1108832950.apply$mcII$sp(Unknown Source)
	at scala.runtime.java8.JFunction1$mcII$sp.apply(JFunction1$mcII$sp.scala:17)
	at scala.collection.immutable.List.map(List.scala:222)
	at recfun.RecFun$.countChange(RecFun.scala:59)
	at recfun.RecFun$.$anonfun$countChange$1(RecFun.scala:59)
	at recfun.RecFun$$$Lambda$5/1108832950.apply$mcII$sp(Unknown Source)
	at scala.runtime.java8.JFunction1$mcII$sp.apply(JFunction1$mcII$sp.scala:17)
	at scala.collection.immutable.List.map(List.scala:222)
	at recfun.RecFun$.countChange(RecFun.scala:59)
	at recfun.RecFun$.$anonfun$countChange$1(RecFun.scala:59)
	at recfun.RecFun$$$Lambda$5/1108832950.apply$mcII$sp(Unknown Source)
	at scala.runtime.java8.JFunction1$mcII$sp.apply(JFunction1$mcII$sp.scala:17)
	at scala.collection.immutable.List.map(List.scala:222)
	at recfun.RecFun$.countChange(RecFun.scala:59)
	at recfun.RecFun$.$anonfun$countChange$1(RecFun.scala:59)
	at recfun.RecFun$$$Lambda$5/1108832950.apply$mcII$sp(Unknown Source)
	at scala.runtime.java8.JFunction1$mcII$sp.apply(JFunction1$mcII$sp.scala:17)
	at scala.collection.immutable.List.map(List.scala:222)
	at recfun.RecFun$.countChange(RecFun.scala:59)
	at recfun.RecFun$.$anonfun$countChange$1(RecFun.scala:59)
	at recfun.RecFun$$$Lambda$5/1108832950.apply$mcII$sp(Unknown Source)
	at scala.runtime.java8.JFunction1$mcII$sp.apply(JFunction1$mcII$sp.scala:17)
	at scala.collection.immutable.List.map(List.scala:222)
	at recfun.RecFun$.countChange(RecFun.scala:59)
	at recfun.RecFun$.$anonfun$countChange$1(RecFun.scala:59)
	at recfun.RecFun$$$Lambda$5/1108832950.apply$mcII$sp(Unknown Source)
	at scala.runtime.java8.JFunction1$mcII$sp.apply(JFunction1$mcII$sp.scala:17)
	at scala.collection.immutable.List.map(List.scala:222)
	at recfun.RecFun$.countChange(RecFun.scala:59)
	at recfun.RecFun$.$anonfun$countChange$1(RecFun.scala:59)
	at recfun.RecFun$$$Lambda$5/1108832950.apply$mcII$sp(Unknown Source)
	at scala.runtime.java8.JFunction1$mcII$sp.apply(JFunction1$mcII$sp.scala:17)
	at scala.collection.immutable.List.map(List.scala:222)
	at recfun.RecFun$.countChange(RecFun.scala:59)
	at recfun.RecFun$.$anonfun$countChange$1(RecFun.scala:59)
	at recfun.RecFun$$$Lambda$5/1108832950.apply$mcII$sp(Unknown Source)
	at scala.runtime.java8.JFunction1$mcII$sp.apply(JFunction1$mcII$sp.scala:17)
	at scala.collection.immutable.List.map(List.scala:222)
	at recfun.RecFun$.countChange(RecFun.scala:59)
	at recfun.RecFun$.$anonfun$countChange$1(RecFun.scala:59)
	at recfun.RecFun$$$Lambda$5/1108832950.apply$mcII$sp(Unknown Source)
	at scala.runtime.java8.JFunction1$mcII$sp.apply(JFunction1$mcII$sp.scala:17)
	at scala.collection.immutable.List.map(List.scala:222)
	at recfun.RecFun$.countChange(RecFun.scala:59)
	at recfun.RecFun$.$anonfun$countChange$1(RecFun.scala:59)
	at recfun.RecFun$$$Lambda$5/1108832950.apply$mcII$sp(Unknown Source)
	at scala.runtime.java8.JFunction1$mcII$sp.apply(JFunction1$mcII$sp.scala:17)
	at scala.collection.immutable.List.map(List.scala:222)
	at recfun.RecFun$.countChange(RecFun.scala:59)
	at recfun.RecFunSuite.countChange$colon$u0020no$u0020pennies(RecFunSuite.scala:32)
	at sun.reflect.NativeMethodAccessorImpl.invoke0(Native Method)
	at sun.reflect.NativeMethodAccessorImpl.invoke(NativeMethodAccessorImpl.java:62)
	at sun.reflect.DelegatingMethodAccessorImpl.invoke(DelegatingMethodAccessorImpl.java:43)
	at java.lang.reflect.Method.invoke(Method.java:498)
	at org.junit.runners.model.FrameworkMethod$1.runReflectiveCall(FrameworkMethod.java:47)
	at org.junit.internal.runners.model.ReflectiveCallable.run(ReflectiveCallable.java:12)
	at org.junit.runners.model.FrameworkMethod.invokeExplosively(FrameworkMethod.java:44)
	at org.junit.internal.runners.statements.InvokeMethod.evaluate(InvokeMethod.java:17)
	at org.junit.internal.runners.statements.FailOnTimeout$StatementThread.run(FailOnTimeout.java:74)
</failure>
                                               </testcase><testcase classname="recfun.RecFunSuite" name="' is balanced" time="0.069">
                                                 <failure message="java.lang.StringIndexOutOfBoundsException: String index out of range: 64" type="sbt.ForkMain$ForkError">sbt.ForkMain$ForkError: java.lang.StringIndexOutOfBoundsException: String index out of range: 64
	at java.lang.String.charAt(String.java:658)
	at recfun.RecFun$._updown$1(RecFun.scala:38)
	at recfun.RecFun$.balance(RecFun.scala:47)
	at recfun.RecFunSuite.balance$colon$u0020$u0027I$u0020told$u0020him$u0020$u002E$u002E$u002E$u0027$u0020is$u0020balanced(RecFunSuite.scala:15)
	at sun.reflect.NativeMethodAccessorImpl.invoke0(Native Method)
	at sun.reflect.NativeMethodAccessorImpl.invoke(NativeMethodAccessorImpl.java:62)
	at sun.reflect.DelegatingMethodAccessorImpl.invoke(DelegatingMethodAccessorImpl.java:43)
	at java.lang.reflect.Method.invoke(Method.java:498)
	at org.junit.runners.model.FrameworkMethod$1.runReflectiveCall(FrameworkMethod.java:47)
	at org.junit.internal.runners.model.ReflectiveCallable.run(ReflectiveCallable.java:12)
	at org.junit.runners.model.FrameworkMethod.invokeExplosively(FrameworkMethod.java:44)
	at org.junit.internal.runners.statements.InvokeMethod.evaluate(InvokeMethod.java:17)
	at org.junit.internal.runners.statements.FailOnTimeout$StatementThread.run(FailOnTimeout.java:74)
</failure>
                                               </testcase>
                     <system-out><![CDATA[]]></system-out>
                     <system-err><![CDATA[]]></system-err>
                   </testsuite>